<?xml version="1.0" encoding="UTF-8"?>
<testsuite xmlns:xsi="http://www.w3.org/2001/XMLSchema-instance" xsi:noNamespaceSchemaLocation="https://maven.apache.org/surefire/maven-surefire-plugin/xsd/surefire-test-report-3.0.xsd" version="3.0" name="com.iis.rh08009.demo_rh08009.AppTest" time="0.053" tests="2" errors="0" skipped="0" failures="0">
  <properties>
[...]
</properties>
  <testcase name="testHello" classname="com.iis.rh08009.demo_rh08009.AppTest" time="0.006"/>
  <testcase name="testApp" classname="com.iis.rh08009.demo_rh08009.AppTest" time="0.0"/>
</testsuite>